[2019-02-17 22:18:26,743] INFO Starting the log cleaner (kafka.log.LogCleaner)
[2019-02-17 22:18:26,792] INFO [kafka-log-cleaner-thread-0]: Starting (kafka.log.LogCleaner)
[2019-02-18 03:00:12,806] INFO Starting the log cleaner (kafka.log.LogCleaner)
[2019-02-18 03:00:12,851] INFO [kafka-log-cleaner-thread-0]: Starting (kafka.log.LogCleaner)
[2019-02-18 20:35:17,456] INFO Starting the log cleaner (kafka.log.LogCleaner)
[2019-02-18 20:35:17,578] INFO [kafka-log-cleaner-thread-0]: Starting (kafka.log.LogCleaner)
[2019-02-19 01:07:19,680] ERROR Failed to access checkpoint file cleaner-offset-checkpoint in dir D:\tmp\kafka-logs (kafka.log.LogCleaner)
org.apache.kafka.common.errors.KafkaStorageException: Error while reading checkpoint file D:\tmp\kafka-logs\cleaner-offset-checkpoint
Caused by: java.nio.file.NoSuchFileException: D:\tmp\kafka-logs\cleaner-offset-checkpoint
	at sun.nio.fs.WindowsException.translateToIOException(WindowsException.java:79)
	at sun.nio.fs.WindowsException.rethrowAsIOException(WindowsException.java:97)
	at sun.nio.fs.WindowsException.rethrowAsIOException(WindowsException.java:102)
	at sun.nio.fs.WindowsFileSystemProvider.newByteChannel(WindowsFileSystemProvider.java:230)
	at java.nio.file.Files.newByteChannel(Files.java:361)
	at java.nio.file.Files.newByteChannel(Files.java:407)
	at java.nio.file.spi.FileSystemProvider.newInputStream(FileSystemProvider.java:384)
	at java.nio.file.Files.newInputStream(Files.java:152)
	at java.nio.file.Files.newBufferedReader(Files.java:2784)
	at java.nio.file.Files.newBufferedReader(Files.java:2816)
	at kafka.server.checkpoints.CheckpointFile.liftedTree2$1(CheckpointFile.scala:87)
	at kafka.server.checkpoints.CheckpointFile.read(CheckpointFile.scala:86)
	at kafka.server.checkpoints.OffsetCheckpointFile.read(OffsetCheckpointFile.scala:61)
	at kafka.log.LogCleanerManager.$anonfun$allCleanerCheckpoints$2(LogCleanerManager.scala:140)
	at scala.collection.TraversableLike.$anonfun$flatMap$1(TraversableLike.scala:240)
	at scala.collection.Iterator.foreach(Iterator.scala:937)
	at scala.collection.Iterator.foreach$(Iterator.scala:937)
	at scala.collection.AbstractIterator.foreach(Iterator.scala:1425)
	at scala.collection.MapLike$DefaultValuesIterable.foreach(MapLike.scala:209)
	at scala.collection.TraversableLike.flatMap(TraversableLike.scala:240)
	at scala.collection.TraversableLike.flatMap$(TraversableLike.scala:237)
	at scala.collection.AbstractTraversable.flatMap(Traversable.scala:104)
	at kafka.log.LogCleanerManager.$anonfun$allCleanerCheckpoints$1(LogCleanerManager.scala:138)
	at kafka.utils.CoreUtils$.inLock(CoreUtils.scala:251)
	at kafka.log.LogCleanerManager.allCleanerCheckpoints(LogCleanerManager.scala:146)
	at kafka.log.LogCleanerManager.$anonfun$grabFilthiestCompactedLog$1(LogCleanerManager.scala:177)
	at kafka.utils.CoreUtils$.inLock(CoreUtils.scala:251)
	at kafka.log.LogCleanerManager.grabFilthiestCompactedLog(LogCleanerManager.scala:174)
	at kafka.log.LogCleaner$CleanerThread.cleanFilthiestLog(LogCleaner.scala:313)
	at kafka.log.LogCleaner$CleanerThread.doWork(LogCleaner.scala:300)
	at kafka.utils.ShutdownableThread.run(ShutdownableThread.scala:82)
[2019-02-19 01:13:30,506] INFO Starting the log cleaner (kafka.log.LogCleaner)
[2019-02-19 01:13:30,552] INFO [kafka-log-cleaner-thread-0]: Starting (kafka.log.LogCleaner)
[2019-02-19 02:44:19,808] INFO Starting the log cleaner (kafka.log.LogCleaner)
[2019-02-19 02:44:19,855] INFO [kafka-log-cleaner-thread-0]: Starting (kafka.log.LogCleaner)
[2019-02-19 02:44:38,375] INFO Starting the log cleaner (kafka.log.LogCleaner)
[2019-02-19 02:44:38,420] INFO [kafka-log-cleaner-thread-0]: Starting (kafka.log.LogCleaner)
[2019-02-19 02:44:42,418] INFO Starting the log cleaner (kafka.log.LogCleaner)
[2019-02-19 02:44:42,467] INFO [kafka-log-cleaner-thread-0]: Starting (kafka.log.LogCleaner)
[2019-02-19 20:24:22,155] INFO Starting the log cleaner (kafka.log.LogCleaner)
[2019-02-19 20:24:22,255] INFO [kafka-log-cleaner-thread-0]: Starting (kafka.log.LogCleaner)
[2019-02-19 20:24:24,613] INFO Starting the log cleaner (kafka.log.LogCleaner)
[2019-02-19 20:24:24,661] INFO [kafka-log-cleaner-thread-0]: Starting (kafka.log.LogCleaner)
[2019-02-19 20:24:27,402] INFO Starting the log cleaner (kafka.log.LogCleaner)
[2019-02-19 20:24:27,450] INFO [kafka-log-cleaner-thread-0]: Starting (kafka.log.LogCleaner)
[2019-02-19 20:45:26,892] INFO Starting the log cleaner (kafka.log.LogCleaner)
[2019-02-19 20:45:26,938] INFO [kafka-log-cleaner-thread-0]: Starting (kafka.log.LogCleaner)
[2019-02-19 20:45:29,878] INFO Starting the log cleaner (kafka.log.LogCleaner)
[2019-02-19 20:45:29,921] INFO [kafka-log-cleaner-thread-0]: Starting (kafka.log.LogCleaner)
[2019-02-19 20:45:33,399] INFO Starting the log cleaner (kafka.log.LogCleaner)
[2019-02-19 20:45:33,449] INFO [kafka-log-cleaner-thread-0]: Starting (kafka.log.LogCleaner)
[2019-02-19 20:58:55,915] INFO Starting the log cleaner (kafka.log.LogCleaner)
[2019-02-19 20:58:55,965] INFO [kafka-log-cleaner-thread-0]: Starting (kafka.log.LogCleaner)
[2019-02-19 20:59:05,195] INFO Starting the log cleaner (kafka.log.LogCleaner)
[2019-02-19 20:59:05,244] INFO [kafka-log-cleaner-thread-0]: Starting (kafka.log.LogCleaner)
[2019-02-19 21:10:43,811] INFO Starting the log cleaner (kafka.log.LogCleaner)
[2019-02-19 21:10:43,873] INFO [kafka-log-cleaner-thread-0]: Starting (kafka.log.LogCleaner)
[2019-02-19 21:10:45,163] INFO Starting the log cleaner (kafka.log.LogCleaner)
[2019-02-19 21:10:45,228] INFO [kafka-log-cleaner-thread-0]: Starting (kafka.log.LogCleaner)
[2019-02-19 21:10:46,712] INFO Starting the log cleaner (kafka.log.LogCleaner)
[2019-02-19 21:10:46,757] INFO [kafka-log-cleaner-thread-0]: Starting (kafka.log.LogCleaner)
[2019-02-19 21:13:46,320] INFO Starting the log cleaner (kafka.log.LogCleaner)
[2019-02-19 21:13:46,366] INFO [kafka-log-cleaner-thread-0]: Starting (kafka.log.LogCleaner)
[2019-02-19 21:38:52,009] INFO Starting the log cleaner (kafka.log.LogCleaner)
[2019-02-19 21:38:52,054] INFO [kafka-log-cleaner-thread-0]: Starting (kafka.log.LogCleaner)
[2019-02-19 22:24:03,483] INFO Starting the log cleaner (kafka.log.LogCleaner)
[2019-02-19 22:24:03,530] INFO [kafka-log-cleaner-thread-0]: Starting (kafka.log.LogCleaner)
